<?xml version="1.0" encoding="UTF-8"?>
<!-- Generated by org.testng.reporters.JUnitReportReporter -->
<testsuite skipped="0" hostname="PRINHYLTPAP1068.local" name="tests.AndroidChromeDriver" tests="1" failures="0" timestamp="05 Feb 2018 12:13:10 GMT" time="7.188" errors="0">
  <testcase name="methodOne" time="7.188" classname="tests.AndroidChromeDriver"/>
</testsuite> <!-- tests.AndroidChromeDriver -->
