<?xml version="1.0" encoding="UTF-8"?>
<!-- Generated by org.testng.reporters.JUnitReportReporter -->
<testsuite skipped="0" hostname="PRINHYLTPAP1068.local" name="tests.IOSNativeTest" tests="1" failures="0" timestamp="12 Feb 2018 10:00:01 GMT" time="52.612" errors="0">
  <testcase name="methodOne" time="52.612" classname="tests.IOSNativeTest"/>
</testsuite> <!-- tests.IOSNativeTest -->
