<?xml version="1.0" encoding="UTF-8"?>
<!-- Generated by org.testng.reporters.JUnitReportReporter -->
<testsuite skipped="0" hostname="PRINHYLTPAP1068.local" name="tests.AndroidChromeDriver" tests="1" failures="0" timestamp="04 Feb 2018 13:18:23 GMT" time="10.680" errors="0">
  <testcase name="methodOne" time="10.680" classname="tests.AndroidChromeDriver"/>
</testsuite> <!-- tests.AndroidChromeDriver -->
