<?xml version="1.0" encoding="UTF-8"?>
<!-- Generated by org.testng.reporters.JUnitReportReporter -->
<testsuite skipped="0" hostname="PRINHYLTPAP1068.local" name="tests.IOSNativeTest" tests="1" failures="0" timestamp="30 Jan 2018 04:54:28 GMT" time="56.479" errors="0">
  <testcase name="methodOne" time="56.479" classname="tests.IOSNativeTest"/>
</testsuite> <!-- tests.IOSNativeTest -->
