<?xml version="1.0" encoding="UTF-8"?>
<!-- Generated by org.testng.reporters.JUnitReportReporter -->
<testsuite skipped="0" hostname="PRINHYLTPAP1068.local" name="tests.DemoTest" tests="1" failures="0" timestamp="29 Jan 2018 14:50:48 GMT" time="7.901" errors="0">
  <testcase name="methodOne" time="7.901" classname="tests.DemoTest"/>
</testsuite> <!-- tests.DemoTest -->
