<?xml version="1.0" encoding="UTF-8"?>
<!-- Generated by org.testng.reporters.JUnitReportReporter -->
<testsuite skipped="0" hostname="PRINHYLTPAP1068.local" name="tests.AndroidNativeTest" tests="1" failures="0" timestamp="03 Feb 2018 05:33:18 GMT" time="69.082" errors="0">
  <testcase name="methodOne" time="69.082" classname="tests.AndroidNativeTest"/>
</testsuite> <!-- tests.AndroidNativeTest -->
