<?xml version="1.0" encoding="UTF-8"?>
<!-- Generated by org.testng.reporters.JUnitReportReporter -->
<testsuite skipped="0" hostname="PRINHYLTPAP1068.local" name="tests.IOSNativeTest" tests="1" failures="0" timestamp="13 Feb 2018 11:45:17 GMT" time="34.975" errors="0">
  <testcase name="methodOne" time="34.975" classname="tests.IOSNativeTest"/>
</testsuite> <!-- tests.IOSNativeTest -->
